<?xml version="1.0" encoding="UTF-8"?>
<testng-results ignored="0" total="1" passed="1" failed="0" skipped="0">
  <reporter-output>
  </reporter-output>
  <suite started-at="2024-05-01T23:32:17 IST" name="Default suite" finished-at="2024-05-01T23:32:34 IST" duration-ms="16897">
    <groups>
    </groups>
    <test started-at="2024-05-01T23:32:17 IST" name="Default test" finished-at="2024-05-01T23:32:34 IST" duration-ms="16897">
      <class name="ActualTC.ATC">
        <test-method is-config="true" signature="bsconfig()[pri:0, instance:ActualTC.ATC@6b81ce95]" started-at="2024-05-01T23:32:17 IST" name="bsconfig" finished-at="2024-05-01T23:32:17 IST" duration-ms="12" status="PASS">
          <reporter-output>
          </reporter-output>
        </test-method> <!-- bsconfig -->
        <test-method is-config="true" signature="bcconfig()[pri:0, instance:ActualTC.ATC@6b81ce95]" started-at="2024-05-01T23:32:17 IST" name="bcconfig" finished-at="2024-05-01T23:32:21 IST" duration-ms="4393" status="PASS">
          <reporter-output>
          </reporter-output>
        </test-method> <!-- bcconfig -->
        <test-method is-config="true" signature="bmconfig()[pri:0, instance:ActualTC.ATC@6b81ce95]" started-at="2024-05-01T23:32:21 IST" name="bmconfig" finished-at="2024-05-01T23:32:25 IST" duration-ms="3212" status="PASS">
          <reporter-output>
          </reporter-output>
        </test-method> <!-- bmconfig -->
        <test-method signature="createcontact()[pri:0, instance:ActualTC.ATC@6b81ce95]" started-at="2024-05-01T23:32:25 IST" name="createcontact" finished-at="2024-05-01T23:32:33 IST" duration-ms="7845" status="PASS">
          <reporter-output>
          </reporter-output>
        </test-method> <!-- createcontact -->
        <test-method is-config="true" signature="amconfig()[pri:0, instance:ActualTC.ATC@6b81ce95]" started-at="2024-05-01T23:32:33 IST" name="amconfig" finished-at="2024-05-01T23:32:33 IST" duration-ms="2" status="PASS">
          <reporter-output>
          </reporter-output>
        </test-method> <!-- amconfig -->
        <test-method is-config="true" signature="terDown()[pri:0, instance:ActualTC.ATC@6b81ce95]" started-at="2024-05-01T23:32:33 IST" name="terDown" finished-at="2024-05-01T23:32:34 IST" duration-ms="1383" status="PASS">
          <reporter-output>
          </reporter-output>
        </test-method> <!-- terDown -->
        <test-method is-config="true" signature="asconfig()[pri:0, instance:ActualTC.ATC@6b81ce95]" started-at="2024-05-01T23:32:34 IST" name="asconfig" finished-at="2024-05-01T23:32:34 IST" duration-ms="1" status="PASS">
          <reporter-output>
          </reporter-output>
        </test-method> <!-- asconfig -->
      </class> <!-- ActualTC.ATC -->
    </test> <!-- Default test -->
  </suite> <!-- Default suite -->
</testng-results>
